Using pre-set license
Built from '2020.3/staging' branch; Version is '2020.3.4f1 (0abb6314276a) revision 703331'; Using compiler version '192528614'; Build Type 'Release'
OS: 'Windows 10 Home; OS build 19042.928; Version 2009; 64bit' Language: 'en' Physical Memory: 16270 MB
BatchMode: 1, IsHumanControllingUs: 0, StartBugReporterOnCrash: 0, Is64bit: 1, IsPro: 0

 COMMAND LINE ARGUMENTS:
C:\Program Files\Unity\Hub\Editor\2020.3.4f1\Editor\Unity.exe
-adb2
-batchMode
-noUpm
-name
AssetImportWorker0
-projectPath
C:/Users/caleb/OneDrive/Documents/School/CS4610/CS4610-Final-Project
-logFile
Logs/AssetImportWorker0.log
-srvPort
52836
Successfully changed project path to: C:/Users/caleb/OneDrive/Documents/School/CS4610/CS4610-Final-Project
C:/Users/caleb/OneDrive/Documents/School/CS4610/CS4610-Final-Project
Using Asset Import Pipeline V2.
Refreshing native plugins compatible for Editor in 21.65 ms, found 0 plugins.
Preloading 0 native plugins for Editor in 0.00 ms.
Initialize engine version: 2020.3.4f1 (0abb6314276a)
[Subsystems] Discovering subsystems at path C:/Program Files/Unity/Hub/Editor/2020.3.4f1/Editor/Data/Resources/UnitySubsystems
[Subsystems] Discovering subsystems at path C:/Users/caleb/OneDrive/Documents/School/CS4610/CS4610-Final-Project/Assets
GfxDevice: creating device client; threaded=0
Direct3D:
    Version:  Direct3D 11.0 [level 11.1]
    Renderer: NVIDIA GeForce GTX 1070 (ID=0x1b81)
    Vendor:   
    VRAM:     8088 MB
    Driver:   27.21.14.6627
Initialize mono
Mono path[0] = 'C:/Program Files/Unity/Hub/Editor/2020.3.4f1/Editor/Data/Managed'
Mono path[1] = 'C:/Program Files/Unity/Hub/Editor/2020.3.4f1/Editor/Data/MonoBleedingEdge/lib/mono/unityjit'
Mono config path = 'C:/Program Files/Unity/Hub/Editor/2020.3.4f1/Editor/Data/MonoBleedingEdge/etc'
Using monoOptions --debugger-agent=transport=dt_socket,embedding=1,server=y,suspend=n,address=127.0.0.1:56180
Begin MonoManager ReloadAssembly
Registering precompiled unity dll's ...
Register platform support module: C:/Program Files/Unity/Hub/Editor/2020.3.4f1/Editor/Data/PlaybackEngines/WebGLSupport/UnityEditor.WebGL.Extensions.dll
Register platform support module: C:/Program Files/Unity/Hub/Editor/2020.3.4f1/Editor/Data/PlaybackEngines/WindowsStandaloneSupport/UnityEditor.WindowsStandalone.Extensions.dll
Registered in 0.004120 seconds.
Native extension for WindowsStandalone target not found
Native extension for WebGL target not found
Refreshing native plugins compatible for Editor in 26.96 ms, found 0 plugins.
Preloading 0 native plugins for Editor in 0.00 ms.
Mono: successfully reloaded assembly
- Completed reload, in  1.347 seconds
Platform modules already initialized, skipping
Registering precompiled user dll's ...
Registered in 0.000702 seconds.
Begin MonoManager ReloadAssembly
Native extension for WindowsStandalone target not found
Native extension for WebGL target not found
Refreshing native plugins compatible for Editor in 0.17 ms, found 0 plugins.
Preloading 0 native plugins for Editor in 0.00 ms.
Mono: successfully reloaded assembly
- Completed reload, in  0.828 seconds
Platform modules already initialized, skipping
========================================================================
Worker process is ready to serve import requests
Launched and connected shader compiler UnityShaderCompiler.exe after 0.05 seconds
Refreshing native plugins compatible for Editor in 0.17 ms, found 0 plugins.
Preloading 0 native plugins for Editor in 0.00 ms.
Unloading 1118 Unused Serialized files (Serialized files now loaded: 0)
System memory in use before: 69.6 MB.
System memory in use after: 69.7 MB.

Unloading 9 unused Assets to reduce memory usage. Loaded Objects now: 1580.
Total: 1.823400 ms (FindLiveObjects: 0.120300 ms CreateObjectMapping: 0.032300 ms MarkObjects: 1.599800 ms  DeleteObjects: 0.069800 ms)

========================================================================
Received Import Request.
  path: Assets/New Terrain 1.asset
  artifactKey: Guid(8031c69dec69f5f4c90664b4c43cd001) Importer(815301076,1909f56bfc062723c751e8b465ee728b)
Start importing Assets/New Terrain 1.asset using Guid(8031c69dec69f5f4c90664b4c43cd001) Importer(815301076,1909f56bfc062723c751e8b465ee728b)  -> (artifact id: '56ef62dfc32bdd4872ccb3d8ba620eb9') in 0.059320 seconds
  Import took 0.065041 seconds .

========================================================================
Received Import Request.
  Time since last request: 0.000200 seconds.
  path: Assets/New Material.mat
  artifactKey: Guid(75d216140c56999418bd8f64bfc998c1) Importer(815301076,1909f56bfc062723c751e8b465ee728b)
Start importing Assets/New Material.mat using Guid(75d216140c56999418bd8f64bfc998c1) Importer(815301076,1909f56bfc062723c751e8b465ee728b)  -> (artifact id: '8fcaf37ae09dbd46a7f7b9f715492a75') in 0.071940 seconds
  Import took 0.075629 seconds .

========================================================================
Received Import Request.
  Time since last request: 3.824290 seconds.
  path: Assets/New Material.mat
  artifactKey: Guid(75d216140c56999418bd8f64bfc998c1) Importer(815301076,1909f56bfc062723c751e8b465ee728b)
Start importing Assets/New Material.mat using Guid(75d216140c56999418bd8f64bfc998c1) Importer(815301076,1909f56bfc062723c751e8b465ee728b)  -> (artifact id: '8fcaf37ae09dbd46a7f7b9f715492a75') in 0.016191 seconds
  Import took 0.021028 seconds .

========================================================================
Received Prepare
Registering precompiled user dll's ...
Registered in 0.001217 seconds.
Begin MonoManager ReloadAssembly
Native extension for WindowsStandalone target not found
Native extension for WebGL target not found
Refreshing native plugins compatible for Editor in 0.25 ms, found 0 plugins.
Preloading 0 native plugins for Editor in 0.00 ms.
Mono: successfully reloaded assembly
- Completed reload, in  1.580 seconds
Platform modules already initialized, skipping
Refreshing native plugins compatible for Editor in 0.19 ms, found 0 plugins.
Preloading 0 native plugins for Editor in 0.00 ms.
Unloading 1113 Unused Serialized files (Serialized files now loaded: 0)
System memory in use before: 72.9 MB.
System memory in use after: 73.0 MB.

Unloading 5 unused Assets to reduce memory usage. Loaded Objects now: 1623.
Total: 2.914200 ms (FindLiveObjects: 0.111600 ms CreateObjectMapping: 0.184100 ms MarkObjects: 2.554200 ms  DeleteObjects: 0.062900 ms)

========================================================================
Received Prepare
Registering precompiled user dll's ...
Registered in 0.000631 seconds.
Begin MonoManager ReloadAssembly
Native extension for WindowsStandalone target not found
Native extension for WebGL target not found
Refreshing native plugins compatible for Editor in 0.18 ms, found 0 plugins.
Preloading 0 native plugins for Editor in 0.00 ms.
Mono: successfully reloaded assembly
- Completed reload, in  0.700 seconds
Platform modules already initialized, skipping
Refreshing native plugins compatible for Editor in 0.21 ms, found 0 plugins.
Preloading 0 native plugins for Editor in 0.00 ms.
Unloading 1113 Unused Serialized files (Serialized files now loaded: 0)
System memory in use before: 72.9 MB.
System memory in use after: 73.0 MB.

Unloading 5 unused Assets to reduce memory usage. Loaded Objects now: 1626.
Total: 1.356200 ms (FindLiveObjects: 0.165300 ms CreateObjectMapping: 0.031500 ms MarkObjects: 1.101200 ms  DeleteObjects: 0.056900 ms)

========================================================================
Received Prepare
Registering precompiled user dll's ...
Registered in 0.000679 seconds.
Begin MonoManager ReloadAssembly
Native extension for WindowsStandalone target not found
Native extension for WebGL target not found
Refreshing native plugins compatible for Editor in 0.16 ms, found 0 plugins.
Preloading 0 native plugins for Editor in 0.00 ms.
Mono: successfully reloaded assembly
- Completed reload, in  0.822 seconds
Platform modules already initialized, skipping
Refreshing native plugins compatible for Editor in 0.16 ms, found 0 plugins.
Preloading 0 native plugins for Editor in 0.00 ms.
Unloading 1113 Unused Serialized files (Serialized files now loaded: 0)
System memory in use before: 72.9 MB.
System memory in use after: 73.0 MB.

Unloading 5 unused Assets to reduce memory usage. Loaded Objects now: 1629.
Total: 2.536600 ms (FindLiveObjects: 0.121500 ms CreateObjectMapping: 0.031900 ms MarkObjects: 2.325000 ms  DeleteObjects: 0.056900 ms)

========================================================================
Received Prepare
Registering precompiled user dll's ...
Registered in 0.000649 seconds.
Begin MonoManager ReloadAssembly
Native extension for WindowsStandalone target not found
Native extension for WebGL target not found
Refreshing native plugins compatible for Editor in 0.25 ms, found 0 plugins.
Preloading 0 native plugins for Editor in 0.00 ms.
Mono: successfully reloaded assembly
- Completed reload, in  0.701 seconds
Platform modules already initialized, skipping
Refreshing native plugins compatible for Editor in 0.16 ms, found 0 plugins.
Preloading 0 native plugins for Editor in 0.00 ms.
Unloading 1113 Unused Serialized files (Serialized files now loaded: 0)
System memory in use before: 72.9 MB.
System memory in use after: 73.0 MB.

Unloading 5 unused Assets to reduce memory usage. Loaded Objects now: 1632.
Total: 2.749200 ms (FindLiveObjects: 0.395500 ms CreateObjectMapping: 0.038500 ms MarkObjects: 2.261700 ms  DeleteObjects: 0.052500 ms)

========================================================================
Received Import Request.
  Time since last request: 1204.066709 seconds.
  path: Assets/New Material 1.mat
  artifactKey: Guid(8eaf299a5d443a34c823975307998fe3) Importer(815301076,1909f56bfc062723c751e8b465ee728b)
Start importing Assets/New Material 1.mat using Guid(8eaf299a5d443a34c823975307998fe3) Importer(815301076,1909f56bfc062723c751e8b465ee728b)  -> (artifact id: '56432d85f7147e905da222700dbf1ffc') in 0.056360 seconds
  Import took 0.059738 seconds .

========================================================================
Received Prepare
Registering precompiled user dll's ...
Registered in 0.000703 seconds.
Begin MonoManager ReloadAssembly
Native extension for WindowsStandalone target not found
Native extension for WebGL target not found
Refreshing native plugins compatible for Editor in 0.16 ms, found 0 plugins.
Preloading 0 native plugins for Editor in 0.00 ms.
Mono: successfully reloaded assembly
- Completed reload, in  0.687 seconds
Platform modules already initialized, skipping
Refreshing native plugins compatible for Editor in 0.19 ms, found 0 plugins.
Preloading 0 native plugins for Editor in 0.00 ms.
Unloading 1113 Unused Serialized files (Serialized files now loaded: 0)
System memory in use before: 73.0 MB.
System memory in use after: 73.0 MB.

Unloading 5 unused Assets to reduce memory usage. Loaded Objects now: 1636.
Total: 1.335400 ms (FindLiveObjects: 0.112800 ms CreateObjectMapping: 0.028500 ms MarkObjects: 1.129600 ms  DeleteObjects: 0.062800 ms)

========================================================================
Received Prepare
Registering precompiled user dll's ...
Registered in 0.000744 seconds.
Begin MonoManager ReloadAssembly
Native extension for WindowsStandalone target not found
Native extension for WebGL target not found
Refreshing native plugins compatible for Editor in 0.16 ms, found 0 plugins.
Preloading 0 native plugins for Editor in 0.00 ms.
Mono: successfully reloaded assembly
- Completed reload, in  0.794 seconds
Platform modules already initialized, skipping
Refreshing native plugins compatible for Editor in 0.23 ms, found 0 plugins.
Preloading 0 native plugins for Editor in 0.00 ms.
Unloading 1113 Unused Serialized files (Serialized files now loaded: 0)
System memory in use before: 73.0 MB.
System memory in use after: 73.0 MB.

Unloading 5 unused Assets to reduce memory usage. Loaded Objects now: 1639.
Total: 1.896500 ms (FindLiveObjects: 0.112200 ms CreateObjectMapping: 0.029900 ms MarkObjects: 1.692400 ms  DeleteObjects: 0.060300 ms)

========================================================================
Received Prepare
Registering precompiled user dll's ...
Registered in 0.001268 seconds.
Begin MonoManager ReloadAssembly
Native extension for WindowsStandalone target not found
Native extension for WebGL target not found
Refreshing native plugins compatible for Editor in 89.92 ms, found 0 plugins.
Preloading 0 native plugins for Editor in 0.00 ms.
Mono: successfully reloaded assembly
- Completed reload, in  4.001 seconds
Platform modules already initialized, skipping
Shader 'Universal Render Pipeline/Nature/SpeedTree7': dependency 'BillboardShader' shader 'Universal Render Pipeline/Nature/SpeedTree7 Billboard' not found
Shader 'Universal Render Pipeline/Baked Lit': fallback shader 'Universal Render Pipeline/Unlit' not found
Shader 'Universal Render Pipeline/Simple Lit': fallback shader 'Hidden/Universal Render Pipeline/FallbackError' not found
Shader 'Universal Render Pipeline/Terrain/Lit': fallback shader 'Hidden/Universal Render Pipeline/FallbackError' not found
Shader 'Universal Render Pipeline/Terrain/Lit': dependency 'AddPassShader' shader 'Hidden/Universal Render Pipeline/Terrain/Lit (Add Pass)' not found
Shader 'Universal Render Pipeline/Terrain/Lit': dependency 'BaseMapShader' shader 'Hidden/Universal Render Pipeline/Terrain/Lit (Base Pass)' not found
Shader 'Universal Render Pipeline/Terrain/Lit': dependency 'BaseMapGenShader' shader 'Hidden/Universal Render Pipeline/Terrain/Lit (Basemap Gen)' not found
Shader 'Hidden/Universal Render Pipeline/Terrain/Lit (Add Pass)': fallback shader 'Hidden/Universal Render Pipeline/FallbackError' not found
Shader 'Hidden/Universal Render Pipeline/Terrain/Lit (Base Pass)': fallback shader 'Hidden/Universal Render Pipeline/FallbackError' not found
Shader 'Universal Render Pipeline/Particles/Lit': fallback shader 'Universal Render Pipeline/Particles/SimpleLit' not found
Shader 'Universal Render Pipeline/Particles/Lit': fallback shader 'Universal Render Pipeline/Particles/SimpleLit' not found
Refreshing native plugins compatible for Editor in 0.34 ms, found 0 plugins.
Preloading 0 native plugins for Editor in 0.00 ms.
Unloading 2367 Unused Serialized files (Serialized files now loaded: 0)
System memory in use before: 123.2 MB.
System memory in use after: 119.0 MB.

Unloading 61 unused Assets to reduce memory usage. Loaded Objects now: 2840.
Total: 5.386600 ms (FindLiveObjects: 0.797300 ms CreateObjectMapping: 0.174800 ms MarkObjects: 1.728000 ms  DeleteObjects: 2.684700 ms)

========================================================================
Received Prepare
Registering precompiled user dll's ...
Registered in 0.001258 seconds.
Begin MonoManager ReloadAssembly
Native extension for WindowsStandalone target not found
Native extension for WebGL target not found
Refreshing native plugins compatible for Editor in 0.30 ms, found 0 plugins.
Preloading 0 native plugins for Editor in 0.00 ms.
Mono: successfully reloaded assembly
- Completed reload, in  0.723 seconds
Platform modules already initialized, skipping
Shader 'Universal Render Pipeline/Particles/Lit': fallback shader 'Universal Render Pipeline/Particles/SimpleLit' not found
Shader 'Universal Render Pipeline/Particles/Lit': fallback shader 'Universal Render Pipeline/Particles/SimpleLit' not found
Refreshing native plugins compatible for Editor in 0.61 ms, found 0 plugins.
Preloading 0 native plugins for Editor in 0.00 ms.
Unloading 2367 Unused Serialized files (Serialized files now loaded: 0)
System memory in use before: 123.4 MB.
System memory in use after: 119.2 MB.

Unloading 61 unused Assets to reduce memory usage. Loaded Objects now: 2843.
Total: 4.669400 ms (FindLiveObjects: 0.773700 ms CreateObjectMapping: 0.189400 ms MarkObjects: 1.976000 ms  DeleteObjects: 1.729100 ms)

========================================================================
Received Import Request.
  Time since last request: 1717.505238 seconds.
  path: Assets/UniversalRenderPipelineAsset.asset
  artifactKey: Guid(2bb04647a30414c47bab2b58694a0682) Importer(815301076,1909f56bfc062723c751e8b465ee728b)
Start importing Assets/UniversalRenderPipelineAsset.asset using Guid(2bb04647a30414c47bab2b58694a0682) Importer(815301076,1909f56bfc062723c751e8b465ee728b)  -> (artifact id: 'f052786c78cc0f1fce9931f0c4cd3e16') in 0.060058 seconds
  Import took 0.064948 seconds .

========================================================================
Received Import Request.
  Time since last request: 0.000159 seconds.
  path: Assets/UniversalRenderPipelineAsset_Renderer.asset
  artifactKey: Guid(fe098ccf09c2b98459a5b635ce8d467e) Importer(815301076,1909f56bfc062723c751e8b465ee728b)
Start importing Assets/UniversalRenderPipelineAsset_Renderer.asset using Guid(fe098ccf09c2b98459a5b635ce8d467e) Importer(815301076,1909f56bfc062723c751e8b465ee728b)  -> (artifact id: 'c5814ffd4a8311f928d20221daa39e0b') in 0.039027 seconds
  Import took 0.043338 seconds .

========================================================================
Received Prepare
Switching render pipeline 00000000000000000000000000000000 -> 2bb04647a30414c47bab2b58694a0682
Shader 'Universal Render Pipeline/Particles/Lit': fallback shader 'Universal Render Pipeline/Particles/SimpleLit' not found
Shader 'Universal Render Pipeline/Particles/Lit': fallback shader 'Universal Render Pipeline/Particles/SimpleLit' not found
Refreshing native plugins compatible for Editor in 1.07 ms, found 0 plugins.
Preloading 0 native plugins for Editor in 0.00 ms.
Unloading 107 Unused Serialized files (Serialized files now loaded: 0)
System memory in use before: 82.4 MB.
System memory in use after: 79.4 MB.

Unloading 39 unused Assets to reduce memory usage. Loaded Objects now: 2911.
Total: 3.782800 ms (FindLiveObjects: 0.235300 ms CreateObjectMapping: 0.181400 ms MarkObjects: 2.036000 ms  DeleteObjects: 1.329000 ms)

========================================================================
Received Import Request.
  Time since last request: 134.729737 seconds.
  path: Assets/UniversalRenderPipelineAsset.asset
  artifactKey: Guid(2bb04647a30414c47bab2b58694a0682) Importer(815301076,1909f56bfc062723c751e8b465ee728b)
Start importing Assets/UniversalRenderPipelineAsset.asset using Guid(2bb04647a30414c47bab2b58694a0682) Importer(815301076,1909f56bfc062723c751e8b465ee728b)  -> (artifact id: 'd23d2c51f770cdfd23a88054d8f5b16b') in 0.007001 seconds
  Import took 0.014705 seconds .

========================================================================
Received Import Request.
  Time since last request: 0.012132 seconds.
  path: Assets/UniversalRenderPipelineAsset.asset
  artifactKey: Guid(2bb04647a30414c47bab2b58694a0682) Importer(815301076,1909f56bfc062723c751e8b465ee728b)
Start importing Assets/UniversalRenderPipelineAsset.asset using Guid(2bb04647a30414c47bab2b58694a0682) Importer(815301076,1909f56bfc062723c751e8b465ee728b)  -> (artifact id: 'd23d2c51f770cdfd23a88054d8f5b16b') in 0.009958 seconds
  Import took 0.013286 seconds .

========================================================================
Received Import Request.
  Time since last request: 0.054384 seconds.
  path: Assets/New Terrain 1.asset
  artifactKey: Guid(8031c69dec69f5f4c90664b4c43cd001) Importer(815301076,1909f56bfc062723c751e8b465ee728b)
Start importing Assets/New Terrain 1.asset using Guid(8031c69dec69f5f4c90664b4c43cd001) Importer(815301076,1909f56bfc062723c751e8b465ee728b)  -> (artifact id: 'a12148769b721251abd74620fb71ec33') in 0.026252 seconds
  Import took 0.030493 seconds .

========================================================================
Received Import Request.
  Time since last request: 0.000155 seconds.
  path: Assets/New Terrain.asset
  artifactKey: Guid(b50177c6bf0ca9a45b6de2846d483f78) Importer(815301076,1909f56bfc062723c751e8b465ee728b)
Start importing Assets/New Terrain.asset using Guid(b50177c6bf0ca9a45b6de2846d483f78) Importer(815301076,1909f56bfc062723c751e8b465ee728b)  -> (artifact id: '8e31ef3bcb542ebe35367639d95e9946') in 0.016402 seconds
  Import took 0.019737 seconds .

========================================================================
Received Import Request.
  Time since last request: 0.000174 seconds.
  path: Assets/UniversalRenderPipelineAsset_Renderer.asset
  artifactKey: Guid(fe098ccf09c2b98459a5b635ce8d467e) Importer(815301076,1909f56bfc062723c751e8b465ee728b)
Start importing Assets/UniversalRenderPipelineAsset_Renderer.asset using Guid(fe098ccf09c2b98459a5b635ce8d467e) Importer(815301076,1909f56bfc062723c751e8b465ee728b)  -> (artifact id: '70438555a0486414e44aba215448abe9') in 0.004157 seconds
  Import took 0.007183 seconds .

========================================================================
Received Prepare
Registering precompiled user dll's ...
Registered in 0.001726 seconds.
Begin MonoManager ReloadAssembly
Native extension for WindowsStandalone target not found
Native extension for WebGL target not found
Refreshing native plugins compatible for Editor in 0.35 ms, found 0 plugins.
Preloading 0 native plugins for Editor in 0.00 ms.
Mono: successfully reloaded assembly
- Completed reload, in  0.873 seconds
Platform modules already initialized, skipping
Switching render pipeline 00000000000000000000000000000000 -> 2bb04647a30414c47bab2b58694a0682
Shader 'Universal Render Pipeline/Particles/Lit': fallback shader 'Universal Render Pipeline/Particles/SimpleLit' not found
Shader 'Universal Render Pipeline/Particles/Lit': fallback shader 'Universal Render Pipeline/Particles/SimpleLit' not found
Refreshing native plugins compatible for Editor in 0.42 ms, found 0 plugins.
Preloading 0 native plugins for Editor in 0.00 ms.
Unloading 2354 Unused Serialized files (Serialized files now loaded: 0)
System memory in use before: 126.2 MB.
System memory in use after: 124.6 MB.

Unloading 28 unused Assets to reduce memory usage. Loaded Objects now: 2936.
Total: 2.684500 ms (FindLiveObjects: 0.211300 ms CreateObjectMapping: 0.097500 ms MarkObjects: 1.512200 ms  DeleteObjects: 0.862400 ms)

========================================================================
Received Import Request.
  Time since last request: 207.390761 seconds.
  path: Assets/NewComputeShader.compute
  artifactKey: Guid(f37129af187931b4b94dc7bb48ef1f5f) Importer(815301076,1909f56bfc062723c751e8b465ee728b)
Start importing Assets/NewComputeShader.compute using Guid(f37129af187931b4b94dc7bb48ef1f5f) Importer(815301076,1909f56bfc062723c751e8b465ee728b)  -> (artifact id: '1455d7fca232aea82e294335ab96f5f6') in 0.020782 seconds
  Import took 0.026448 seconds .

========================================================================
Received Import Request.
  Time since last request: 21.407012 seconds.
  path: Assets/New Shader Graph.shadergraph
  artifactKey: Guid(ccef6a84518e65544aa58fd05d733213) Importer(815301076,1909f56bfc062723c751e8b465ee728b)
Start importing Assets/New Shader Graph.shadergraph using Guid(ccef6a84518e65544aa58fd05d733213) Importer(815301076,1909f56bfc062723c751e8b465ee728b)  -> (artifact id: '117a3a33f86447781a2173ac86d84b32') in 0.018720 seconds
  Import took 0.025047 seconds .

========================================================================
Received Import Request.
  Time since last request: 0.426192 seconds.
  path: Assets/New Shader Graph.shadergraph
  artifactKey: Guid(ccef6a84518e65544aa58fd05d733213) Importer(815301076,1909f56bfc062723c751e8b465ee728b)
Start importing Assets/New Shader Graph.shadergraph using Guid(ccef6a84518e65544aa58fd05d733213) Importer(815301076,1909f56bfc062723c751e8b465ee728b)  -> (artifact id: '117a3a33f86447781a2173ac86d84b32') in 0.015299 seconds
  Import took 0.020878 seconds .

========================================================================
Received Import Request.
  Time since last request: 64.773034 seconds.
  path: Assets/NewSurfaceShader.shader
  artifactKey: Guid(aa073171bb23c3444b7b5953063d7947) Importer(815301076,1909f56bfc062723c751e8b465ee728b)
Start importing Assets/NewSurfaceShader.shader using Guid(aa073171bb23c3444b7b5953063d7947) Importer(815301076,1909f56bfc062723c751e8b465ee728b)  -> (artifact id: '529926f11ba33ee72e8263dd43b8938a') in 0.013528 seconds
  Import took 0.017491 seconds .

========================================================================
Received Import Request.
  Time since last request: 16.921860 seconds.
  path: Assets/New Shader Graph.shadergraph
  artifactKey: Guid(ccef6a84518e65544aa58fd05d733213) Importer(815301076,1909f56bfc062723c751e8b465ee728b)
Start importing Assets/New Shader Graph.shadergraph using Guid(ccef6a84518e65544aa58fd05d733213) Importer(815301076,1909f56bfc062723c751e8b465ee728b)  -> (artifact id: '9808e2c4e729b50581bdff6995815b0c') in 0.011018 seconds
  Import took 0.021617 seconds .

========================================================================
Received Import Request.
  Time since last request: 31.511255 seconds.
  path: Assets/New Shader Sub Graph.shadersubgraph
  artifactKey: Guid(5e200f01b9b1d1340a1f8b1d1a36a334) Importer(815301076,1909f56bfc062723c751e8b465ee728b)
Start importing Assets/New Shader Sub Graph.shadersubgraph using Guid(5e200f01b9b1d1340a1f8b1d1a36a334) Importer(815301076,1909f56bfc062723c751e8b465ee728b)  -> (artifact id: 'f034b7846746df338eed2bae12e8b7f7') in 0.010025 seconds
  Import took 0.013257 seconds .

========================================================================
Received Import Request.
  Time since last request: 12.206282 seconds.
  path: Assets/NewShaderVariants.shadervariants
  artifactKey: Guid(ac3041628b3aa9b46b5a3d647ff126c9) Importer(815301076,1909f56bfc062723c751e8b465ee728b)
Start importing Assets/NewShaderVariants.shadervariants using Guid(ac3041628b3aa9b46b5a3d647ff126c9) Importer(815301076,1909f56bfc062723c751e8b465ee728b)  -> (artifact id: '9ae3eee1fafe8db8b76131e0474fd182') in 0.012986 seconds
  Import took 0.016472 seconds .

========================================================================
Received Import Request.
  Time since last request: 16.394615 seconds.
  path: Assets/New Shader Graph.shadergraph
  artifactKey: Guid(ccef6a84518e65544aa58fd05d733213) Importer(815301076,1909f56bfc062723c751e8b465ee728b)
Start importing Assets/New Shader Graph.shadergraph using Guid(ccef6a84518e65544aa58fd05d733213) Importer(815301076,1909f56bfc062723c751e8b465ee728b)  -> (artifact id: '4815f478679b23e4bdd173bcd216d8f1') in 0.004791 seconds
  Import took 0.008719 seconds .

========================================================================
Received Import Request.
  Time since last request: 0.230088 seconds.
  path: Assets/New Shader Graph.shadergraph
  artifactKey: Guid(ccef6a84518e65544aa58fd05d733213) Importer(815301076,1909f56bfc062723c751e8b465ee728b)
Start importing Assets/New Shader Graph.shadergraph using Guid(ccef6a84518e65544aa58fd05d733213) Importer(815301076,1909f56bfc062723c751e8b465ee728b)  -> (artifact id: '4815f478679b23e4bdd173bcd216d8f1') in 0.005417 seconds
  Import took 0.011516 seconds .

========================================================================
Received Import Request.
  Time since last request: 33.829776 seconds.
  path: Assets/New Shader Graph.shadergraph
  artifactKey: Guid(ccef6a84518e65544aa58fd05d733213) Importer(815301076,1909f56bfc062723c751e8b465ee728b)
Start importing Assets/New Shader Graph.shadergraph using Guid(ccef6a84518e65544aa58fd05d733213) Importer(815301076,1909f56bfc062723c751e8b465ee728b)  -> (artifact id: '4be4dcb1f5d2ea7c234b3c5b791328ee') in 0.006675 seconds
  Import took 0.010006 seconds .

========================================================================
Received Import Request.
  Time since last request: 0.115233 seconds.
  path: Assets/New Shader Graph.shadergraph
  artifactKey: Guid(ccef6a84518e65544aa58fd05d733213) Importer(815301076,1909f56bfc062723c751e8b465ee728b)
Start importing Assets/New Shader Graph.shadergraph using Guid(ccef6a84518e65544aa58fd05d733213) Importer(815301076,1909f56bfc062723c751e8b465ee728b)  -> (artifact id: '4be4dcb1f5d2ea7c234b3c5b791328ee') in 0.005338 seconds
  Import took 0.014394 seconds .

========================================================================
Received Import Request.
  Time since last request: 31.327272 seconds.
  path: Assets/New Shader Graph.shadergraph
  artifactKey: Guid(ccef6a84518e65544aa58fd05d733213) Importer(815301076,1909f56bfc062723c751e8b465ee728b)
Start importing Assets/New Shader Graph.shadergraph using Guid(ccef6a84518e65544aa58fd05d733213) Importer(815301076,1909f56bfc062723c751e8b465ee728b)  -> (artifact id: 'd4f823cdf8814084895ac59cc7ec4744') in 0.006800 seconds
  Import took 0.012339 seconds .

========================================================================
Received Import Request.
  Time since last request: 102.900268 seconds.
  path: Assets/TerrainMaterial.shadergraph
  artifactKey: Guid(ccef6a84518e65544aa58fd05d733213) Importer(815301076,1909f56bfc062723c751e8b465ee728b)
Start importing Assets/TerrainMaterial.shadergraph using Guid(ccef6a84518e65544aa58fd05d733213) Importer(815301076,1909f56bfc062723c751e8b465ee728b)  -> (artifact id: '53f4a43fb15b042598e88751a57514c2') in 0.014034 seconds
  Import took 0.018200 seconds .

========================================================================
Received Import Request.
  Time since last request: 37.411446 seconds.
  path: Assets/TerrainShader.shadergraph
  artifactKey: Guid(ccef6a84518e65544aa58fd05d733213) Importer(815301076,1909f56bfc062723c751e8b465ee728b)
Start importing Assets/TerrainShader.shadergraph using Guid(ccef6a84518e65544aa58fd05d733213) Importer(815301076,1909f56bfc062723c751e8b465ee728b)  -> (artifact id: 'bd0c45489cb4b1ae55d1d7906afb805e') in 0.012965 seconds
  Import took 0.018769 seconds .

========================================================================
Received Prepare
Registering precompiled user dll's ...
Registered in 0.001334 seconds.
Begin MonoManager ReloadAssembly
Native extension for WindowsStandalone target not found
Native extension for WebGL target not found
Refreshing native plugins compatible for Editor in 0.30 ms, found 0 plugins.
Preloading 0 native plugins for Editor in 0.00 ms.
Mono: successfully reloaded assembly
- Completed reload, in  0.799 seconds
Platform modules already initialized, skipping
Switching render pipeline 00000000000000000000000000000000 -> 2bb04647a30414c47bab2b58694a0682
Shader 'Universal Render Pipeline/Particles/Lit': fallback shader 'Universal Render Pipeline/Particles/SimpleLit' not found
Shader 'Universal Render Pipeline/Particles/Lit': fallback shader 'Universal Render Pipeline/Particles/SimpleLit' not found
Refreshing native plugins compatible for Editor in 0.36 ms, found 0 plugins.
Preloading 0 native plugins for Editor in 0.00 ms.
Unloading 2334 Unused Serialized files (Serialized files now loaded: 0)
System memory in use before: 124.7 MB.
System memory in use after: 123.1 MB.

Unloading 28 unused Assets to reduce memory usage. Loaded Objects now: 2939.
Total: 2.910500 ms (FindLiveObjects: 0.204900 ms CreateObjectMapping: 0.095400 ms MarkObjects: 1.781400 ms  DeleteObjects: 0.827800 ms)

========================================================================
Received Prepare
Registering precompiled user dll's ...
Registered in 0.001436 seconds.
Begin MonoManager ReloadAssembly
Native extension for WindowsStandalone target not found
Native extension for WebGL target not found
Refreshing native plugins compatible for Editor in 0.30 ms, found 0 plugins.
Preloading 0 native plugins for Editor in 0.00 ms.
Mono: successfully reloaded assembly
- Completed reload, in  0.707 seconds
Platform modules already initialized, skipping
Shader 'Universal Render Pipeline/Particles/Lit': fallback shader 'Universal Render Pipeline/Particles/SimpleLit' not found
Shader 'Universal Render Pipeline/Particles/Lit': fallback shader 'Universal Render Pipeline/Particles/SimpleLit' not found
Refreshing native plugins compatible for Editor in 0.30 ms, found 0 plugins.
Preloading 0 native plugins for Editor in 0.00 ms.
Unloading 2334 Unused Serialized files (Serialized files now loaded: 0)
System memory in use before: 124.7 MB.
System memory in use after: 123.1 MB.

Unloading 28 unused Assets to reduce memory usage. Loaded Objects now: 2942.
Total: 3.241500 ms (FindLiveObjects: 0.230100 ms CreateObjectMapping: 0.106400 ms MarkObjects: 2.147100 ms  DeleteObjects: 0.756500 ms)

AssetImportWorkerClient::OnTransportError - code=2 error=End of file
